<?xml version="1.0" encoding="UTF-8"?>
<testsuite name="RaceTest" tests="4" skipped="0" failures="0" errors="0" timestamp="2020-02-12T16:19:10" hostname="ChaeGyunui-MacBookPro.local" time="0.017">
  <properties/>
  <testcase name="몬스터_초기화_테스트" classname="RaceTest" time="0.009"/>
  <testcase name="이동테스트_비행" classname="RaceTest" time="0.001"/>
  <testcase name="이동테스트_달리기" classname="RaceTest" time="0.0"/>
  <testcase name="이동테스트_에스퍼" classname="RaceTest" time="0.001"/>
  <system-out><![CDATA[]]></system-out>
  <system-err><![CDATA[]]></system-err>
</testsuite>
